\BOOKMARK [0][-]{chapter.1}{Introduction}{}% 1
\BOOKMARK [1][-]{section.1.1}{Charged lepton flavor violation}{chapter.1}% 2
\BOOKMARK [1][-]{section.1.2}{Searches for cLFV with muon}{chapter.1}% 3
\BOOKMARK [2][-]{subsection.1.2.1}{e }{section.1.2}% 4
\BOOKMARK [2][-]{subsection.1.2.2}{eee}{section.1.2}% 5
\BOOKMARK [2][-]{subsection.1.2.3}{e conversion}{section.1.2}% 6
\BOOKMARK [1][-]{section.1.3}{COMET experiment}{chapter.1}% 7
\BOOKMARK [2][-]{subsection.1.3.1}{Proton beamline}{section.1.3}% 8
\BOOKMARK [2][-]{subsection.1.3.2}{Signal of -N e-N conversion}{section.1.3}% 9
\BOOKMARK [2][-]{subsection.1.3.3}{Background of -N e-N conversion}{section.1.3}% 10
\BOOKMARK [1][-]{section.1.4}{Objetive}{chapter.1}% 11
\BOOKMARK [0][-]{chapter.2}{Superconducting solenoid system for COMET experiment}{}% 12
\BOOKMARK [1][-]{section.2.1}{Superconducting magnet system}{chapter.2}% 13
\BOOKMARK [1][-]{section.2.2}{Pion capture solenoid}{chapter.2}% 14
\BOOKMARK [2][-]{subsection.2.2.1}{Coils structure}{section.2.2}% 15
\BOOKMARK [2][-]{subsection.2.2.2}{Production target}{section.2.2}% 16
\BOOKMARK [2][-]{subsection.2.2.3}{Radiation shield}{section.2.2}% 17
\BOOKMARK [2][-]{subsection.2.2.4}{Quench protection system}{section.2.2}% 18
\BOOKMARK [1][-]{section.2.3}{Muon transport solenoid}{chapter.2}% 19
\BOOKMARK [1][-]{section.2.4}{Detector solenoid}{chapter.2}% 20
\BOOKMARK [0][-]{chapter.3}{Radiation estimation}{}% 21
\BOOKMARK [1][-]{section.3.1}{Hadronic models}{chapter.3}% 22
\BOOKMARK [2][-]{subsection.3.1.1}{PHITS}{section.3.1}% 23
\BOOKMARK [2][-]{subsection.3.1.2}{FLUKA}{section.3.1}% 24
\BOOKMARK [2][-]{subsection.3.1.3}{GEANT4}{section.3.1}% 25
\BOOKMARK [1][-]{section.3.2}{Modification of PHITS code}{chapter.3}% 26
\BOOKMARK [2][-]{subsection.3.2.1}{Proton beam}{section.3.2}% 27
\BOOKMARK [2][-]{subsection.3.2.2}{Magnetic field}{section.3.2}% 28
\BOOKMARK [1][-]{section.3.3}{Prompt radiation}{chapter.3}% 29
\BOOKMARK [2][-]{subsection.3.3.1}{Physical model comparison}{section.3.3}% 30
\BOOKMARK [2][-]{subsection.3.3.2}{Geometry}{section.3.3}% 31
\BOOKMARK [2][-]{subsection.3.3.3}{Radiation estimation}{section.3.3}% 32
\BOOKMARK [1][-]{section.3.4}{Residual radiation estimation}{chapter.3}% 33
\BOOKMARK [2][-]{subsection.3.4.1}{Residual radiation}{section.3.4}% 34
\BOOKMARK [1][-]{section.3.5}{Radiation shielding optimization}{chapter.3}% 35
\BOOKMARK [2][-]{subsection.3.5.1}{Radiation shield for MS}{section.3.5}% 36
\BOOKMARK [2][-]{subsection.3.5.2}{Radiation shield for CS}{section.3.5}% 37
\BOOKMARK [0][-]{chapter.4}{Irradiation test for superconducting magnet material}{}% 38
\BOOKMARK [1][-]{section.4.1}{Glass Fiber Reinforced Plastic}{chapter.4}% 39
\BOOKMARK [2][-]{subsection.4.1.1}{Experiment}{section.4.1}% 40
\BOOKMARK [1][-]{section.4.2}{Quench protection diode}{chapter.4}% 41
\BOOKMARK [2][-]{subsection.4.2.1}{Experiment}{section.4.2}% 42
\BOOKMARK [2][-]{subsection.4.2.2}{Neutron measurement}{section.4.2}% 43
\BOOKMARK [2][-]{subsection.4.2.3}{Electrical property of diode}{section.4.2}% 44
\BOOKMARK [2][-]{subsection.4.2.4}{Electrical property at cryogenic temperature}{section.4.2}% 45
\BOOKMARK [2][-]{subsection.4.2.5}{Forward voltage at 210 A}{section.4.2}% 46
\BOOKMARK [1][-]{section.4.3}{Insulation tape}{chapter.4}% 47
\BOOKMARK [1][-]{section.4.4}{Radiation test for conductor}{chapter.4}% 48
\BOOKMARK [2][-]{subsection.4.4.1}{Discussion}{section.4.4}% 49
\BOOKMARK [0][-]{chapter.5}{Thermal stability of superconducting solenoids}{}% 50
\BOOKMARK [1][-]{section.5.1}{Quench estimation}{chapter.5}% 51
\BOOKMARK [2][-]{subsection.5.1.1}{Specific heat}{section.5.1}% 52
\BOOKMARK [2][-]{subsection.5.1.2}{Electrical resistivity}{section.5.1}% 53
\BOOKMARK [2][-]{subsection.5.1.3}{Thermal conductivity}{section.5.1}% 54
\BOOKMARK [2][-]{subsection.5.1.4}{MIITs}{section.5.1}% 55
\BOOKMARK [1][-]{section.5.2}{Cooling estimation}{chapter.5}% 56
\BOOKMARK [2][-]{subsection.5.2.1}{Geometry}{section.5.2}% 57
\BOOKMARK [2][-]{subsection.5.2.2}{Heat generation}{section.5.2}% 58
\BOOKMARK [2][-]{subsection.5.2.3}{Maximum temperature of cooling}{section.5.2}% 59
\BOOKMARK [2][-]{subsection.5.2.4}{Discussion}{section.5.2}% 60
\BOOKMARK [0][-]{chapter.6}{Conclusion}{}% 61
\BOOKMARK [0][-]{chapter*.103}{Acknowledgement}{}% 62
\BOOKMARK [0][-]{chapter*.104}{References}{}% 63
\BOOKMARK [0][-]{appendix*.105}{Michel decay}{}% 64
\BOOKMARK [0][-]{appendix*.106}{cLFV in Standard Model}{}% 65
\BOOKMARK [0][-]{appendix*.108}{cLFV in supersymmetry}{}% 66
\BOOKMARK [0][-]{appendix*.114}{Impact of cLFV}{}% 67
\BOOKMARK [0][-]{appendix*.116}{Magnetic field interpolation}{}% 68
